

Processing Rails::InfoController#properties (for 127.0.0.1 at 2009-04-09 12:45:17) [GET]
  [4;36;1mSQL (0.5ms)[0m   [0;1m SELECT name
 FROM sqlite_master
 WHERE type = 'table' AND NOT name = 'sqlite_sequence'
[0m
Completed in 25ms (View: 2, DB: 0) | 200 OK [http://localhost/rails/info/properties]


Processing ApplicationController#index (for 127.0.0.1 at 2009-04-09 12:58:31) [GET]

ActionController::RoutingError (No route matches "/" with {:canvas=>false, :method=>:get}):
  

Rendering rescues/layout (not_found)


Processing HomeController#index (for 127.0.0.1 at 2009-04-09 12:59:15) [GET]
Rendering template within layouts/application
Rendering home/index

ActionView::TemplateError (can't convert Symbol into String) on line #7 of app/views/home/index.html.erb:
4: </div>
5: 
6: <div id="about">
7:   <h3><%= link_to_remote 'About your application&rsquo;s environment', 'about()' %></h3>
8:   <div id="about-content" style="display: none"></div>
9: </div>
10: 

    app/views/home/index.html.erb:7

Rendered rescues/_trace (35.1ms)
Rendered rescues/_request_and_response (1.3ms)
Rendering rescues/layout (internal_server_error)


Processing HomeController#index (for 127.0.0.1 at 2009-04-09 12:59:27) [GET]
Rendering template within layouts/application
Rendering home/index
Rendered shared/_sidebar (1.2ms)
Completed in 14ms (View: 13, DB: 0) | 200 OK [http://localhost/]


Processing ApplicationController#index (for 127.0.0.1 at 2009-04-09 12:59:28) [GET]

ActionController::RoutingError (No route matches "/stylesheets/images/rails.png" with {:canvas=>false, :method=>:get}):
  

Rendering rescues/layout (not_found)


Processing HomeController#index (for 127.0.0.1 at 2009-04-09 12:59:43) [GET]
Rendering template within layouts/application
Rendering home/index
Rendered shared/_sidebar (0.1ms)
Completed in 3ms (View: 2, DB: 0) | 200 OK [http://localhost/]


Processing HomeController#index (for 127.0.0.1 at 2009-04-09 13:00:45) [GET]
Rendering template within layouts/application
Rendering home/index
Rendered shared/_sidebar (0.1ms)
Completed in 8ms (View: 6, DB: 0) | 200 OK [http://localhost/]


Processing HomeController#index (for 127.0.0.1 at 2009-04-09 13:00:55) [GET]
Rendering template within layouts/application
Rendering home/index
Rendered shared/_sidebar (0.1ms)
Completed in 6ms (View: 5, DB: 0) | 200 OK [http://localhost/]


Processing HomeController#index (for 127.0.0.1 at 2009-04-09 13:04:19) [GET]
Rendering template within layouts/application
Rendering home/index
Rendered shared/_sidebar (0.9ms)
Completed in 7ms (View: 5, DB: 0) | 200 OK [http://localhost/]


Processing HomeController#index (for 127.0.0.1 at 2009-04-09 13:04:29) [GET]
Rendering template within layouts/application
Rendering home/index
Rendered shared/_sidebar (0.8ms)
Completed in 6ms (View: 5, DB: 0) | 200 OK [http://localhost/]


Processing HomeController#index (for 127.0.0.1 at 2009-04-09 13:04:37) [GET]
Rendering template within layouts/application
Rendering home/index
Rendered shared/_sidebar (0.8ms)
Completed in 6ms (View: 5, DB: 0) | 200 OK [http://localhost/]


Processing Rails::InfoController#properties (for 127.0.0.1 at 2009-04-09 13:04:40) [GET]
  [4;36;1mSQL (0.6ms)[0m   [0;1m SELECT name
 FROM sqlite_master
 WHERE type = 'table' AND NOT name = 'sqlite_sequence'
[0m
Completed in 27ms (View: 2, DB: 1) | 200 OK [http://localhost/rails/info/properties]


Processing HomeController#index (for 127.0.0.1 at 2009-04-09 13:05:00) [GET]
Rendering template within layouts/application
Rendering home/index
Rendered shared/_sidebar (1.0ms)
Completed in 8ms (View: 6, DB: 0) | 200 OK [http://localhost/]
